Traceback (most recent call last):
  File "/Users/robyspace/Documents/GitHub/neeraj-thesis/cloudsim-baseline/venv/lib/python3.10/site-packages/py4j/java_gateway.py", line 982, in _get_connection
    connection = self.deque.pop()
IndexError: pop from an empty deque

During handling of the above exception, another exception occurred:

Traceback (most recent call last):
  File "/Users/robyspace/Documents/GitHub/neeraj-thesis/cloudsim-baseline/venv/lib/python3.10/site-packages/py4j/java_gateway.py", line 1170, in start
    self.socket.connect((self.address, self.port))
ConnectionRefusedError: [Errno 61] Connection refused

During handling of the above exception, another exception occurred:

Traceback (most recent call last):
  File "/Users/robyspace/Documents/GitHub/neeraj-thesis/cloudsim-baseline/ecmr_heterogeneous_integration.py", line 579, in main
    integration = ECMRHeterogeneousIntegration(args.data)
  File "/Users/robyspace/Documents/GitHub/neeraj-thesis/cloudsim-baseline/ecmr_heterogeneous_integration.py", line 230, in __init__
    self.app.initializeSimulation()
  File "/Users/robyspace/Documents/GitHub/neeraj-thesis/cloudsim-baseline/venv/lib/python3.10/site-packages/py4j/java_gateway.py", line 1361, in __call__
    answer = self.gateway_client.send_command(command)
  File "/Users/robyspace/Documents/GitHub/neeraj-thesis/cloudsim-baseline/venv/lib/python3.10/site-packages/py4j/java_gateway.py", line 1036, in send_command
    connection = self._get_connection()
  File "/Users/robyspace/Documents/GitHub/neeraj-thesis/cloudsim-baseline/venv/lib/python3.10/site-packages/py4j/java_gateway.py", line 984, in _get_connection
    connection = self._create_connection()
  File "/Users/robyspace/Documents/GitHub/neeraj-thesis/cloudsim-baseline/venv/lib/python3.10/site-packages/py4j/java_gateway.py", line 990, in _create_connection
    connection.start()
  File "/Users/robyspace/Documents/GitHub/neeraj-thesis/cloudsim-baseline/venv/lib/python3.10/site-packages/py4j/java_gateway.py", line 1182, in start
    raise Py4JNetworkError(msg, e)
py4j.protocol.Py4JNetworkError: An error occurred while trying to connect to the Java server (127.0.0.1:25333)
================================================================================
ECMR + HETEROGENEOUS CLOUDSIM INTEGRATION
================================================================================

[1/6] Loading carbon intensity data...
      Loaded 8784 hourly records

[2/6] Connecting to Java gateway...
      ✓ Connected to Py4JGatewayEnhanced

[3/6] Initializing CloudSim simulation...

❌ ERROR: An error occurred while trying to connect to the Java server (127.0.0.1:25333)

Shutting down gateway...
